<?xml version="1.0" encoding="UTF-8"?>
<!-- Generated by org.testng.reporters.JUnitXMLReporter -->
<testsuite ignored="0" hostname="DESKTOP-QKHCBTS" failures="0" tests="2" name="Default test" time="24.718" errors="0" timestamp="2024-07-23T08:10:34 NPT">
  <testcase classname="com.pacifichunt.tests.LoginAsJobSeekerTest" name="verifyValidLoginAsEmployer" time="2.538"/>
  <testcase classname="com.pacifichunt.tests.LoginAsJobSeekerTest" name="verifyEmptyUsernameAndEmptyPassword" time="1.149"/>
</testsuite> <!-- Default test -->
