<?xml version="1.0" encoding="UTF-8"?>
<!-- Generated by org.testng.reporters.JUnitXMLReporter -->
<testsuite ignored="1" hostname="DESKTOP-QKHCBTS" failures="0" tests="4" name="Default test" time="24.426" errors="0" timestamp="2024-07-23T13:10:47 NPT">
  <testcase classname="com.pacifichunt.tests.LoginAsEmployerTest" name="verifyEmptyUsernameAndEmptyPassword" time="1.174"/>
  <testcase classname="com.pacifichunt.tests.LoginAsEmployerTest" name="verifyMultipleLoginScenario" time="1.056"/>
  <testcase classname="com.pacifichunt.tests.LoginAsEmployerTest" name="verifyMultipleLoginScenario" time="1.212"/>
  <testcase classname="com.pacifichunt.tests.LoginAsEmployerTest" name="verifyMultipleLoginScenario" time="0.965"/>
  <testcase classname="com.pacifichunt.tests.LoginAsEmployerTest" name="verifyValidLoginAsEmployer" time="0.0">
    <ignored/>
  </testcase> <!-- verifyValidLoginAsEmployer -->
</testsuite> <!-- Default test -->
