<?xml version="1.0" encoding="UTF-8"?>
<testng-results ignored="1" total="5" passed="4" failed="0" skipped="0">
  <reporter-output>
    <line>
      <![CDATA[
== RUNNING ON CHROME BROWSER ==
]]>
    </line>
    <line>
      <![CDATA[After Maximizing Window]]>
    </line>
    <line>
      <![CDATA[Before Deleting All Cookies]]>
    </line>
    <line>
      <![CDATA[Before Any Timeout Call:org.openqa.selenium.remote.RemoteWebDriver$RemoteWebDriverOptions$RemoteTimeouts@58d63b16]]>
    </line>
    <line>
      <![CDATA[Before navigating to:https://pacifichunt.com']]>
    </line>
    <line>
      <![CDATA[After navigating to:https://pacifichunt.com']]>
    </line>
    <line>
      <![CDATA[
== EXECUTING MEDIUM PRIORITY TEST ==]]>
    </line>
    <line>
      <![CDATA[Before Finding ElementBy.xpath: //button[.='Login']]]>
    </line>
    <line>
      <![CDATA[Before Clicking:[[ChromeDriver: chrome on windows (7f04705b1ae3ae1aebcb723ffe6b0daf)] -> xpath: //button[.='Login']]]]>
    </line>
    <line>
      <![CDATA[After Clicking:[[ChromeDriver: chrome on windows (7f04705b1ae3ae1aebcb723ffe6b0daf)] -> xpath: //button[.='Login']]]]>
    </line>
    <line>
      <![CDATA[Before Finding ElementBy.xpath: //button[.='LOGIN AS EMPLOYER']]]>
    </line>
    <line>
      <![CDATA[Before Clicking:[[ChromeDriver: chrome on windows (7f04705b1ae3ae1aebcb723ffe6b0daf)] -> xpath: //button[.='LOGIN AS EMPLOYER']]]]>
    </line>
    <line>
      <![CDATA[After Clicking:[[ChromeDriver: chrome on windows (7f04705b1ae3ae1aebcb723ffe6b0daf)] -> xpath: //button[.='LOGIN AS EMPLOYER']]]]>
    </line>
    <line>
      <![CDATA[Before Finding ElementBy.name: email]]>
    </line>
    <line>
      <![CDATA[Before sending any values to input field[[ChromeDriver: chrome on windows (7f04705b1ae3ae1aebcb723ffe6b0daf)] -> name: email]]]>
    </line>
    <line>
      <![CDATA[Before Finding ElementBy.name: password]]>
    </line>
    <line>
      <![CDATA[Before sending any values to input field[[ChromeDriver: chrome on windows (7f04705b1ae3ae1aebcb723ffe6b0daf)] -> name: password]]]>
    </line>
    <line>
      <![CDATA[Before Finding ElementBy.xpath: //button[@type='submit']]]>
    </line>
    <line>
      <![CDATA[Before Clicking:[[ChromeDriver: chrome on windows (7f04705b1ae3ae1aebcb723ffe6b0daf)] -> xpath: //button[@type='submit']]]]>
    </line>
    <line>
      <![CDATA[After Clicking:[[ChromeDriver: chrome on windows (7f04705b1ae3ae1aebcb723ffe6b0daf)] -> xpath: //button[@type='submit']]]]>
    </line>
    <line>
      <![CDATA[Before Finding ElementBy.xpath: //p[.='Email is required']]]>
    </line>
    <line>
      <![CDATA[After getting Text from the element:[[ChromeDriver: chrome on windows (7f04705b1ae3ae1aebcb723ffe6b0daf)] -> xpath: //p[.='Email is required']]]]>
    </line>
    <line>
      <![CDATA[
=== Your Test has been Passed Successfully ===
]]>
    </line>
    <line>
      <![CDATA[
== BROWSER CLOSED SUCCESSFULLY ==
]]>
    </line>
    <line>
      <![CDATA[
== BROWSER CLOSED SUCCESSFULLY ==
]]>
    </line>
    <line>
      <![CDATA[
== RUNNING ON CHROME BROWSER ==
]]>
    </line>
    <line>
      <![CDATA[After Maximizing Window]]>
    </line>
    <line>
      <![CDATA[Before Deleting All Cookies]]>
    </line>
    <line>
      <![CDATA[Before Any Timeout Call:org.openqa.selenium.remote.RemoteWebDriver$RemoteWebDriverOptions$RemoteTimeouts@31edeac]]>
    </line>
    <line>
      <![CDATA[Before navigating to:https://pacifichunt.com']]>
    </line>
    <line>
      <![CDATA[After navigating to:https://pacifichunt.com']]>
    </line>
    <line>
      <![CDATA[
== EXECUTING MEDIUM PRIORITY TEST ==]]>
    </line>
    <line>
      <![CDATA[Before Finding ElementBy.xpath: //button[.='Login']]]>
    </line>
    <line>
      <![CDATA[Before Clicking:[[ChromeDriver: chrome on windows (e660332f18264f33da75fc228f84a528)] -> xpath: //button[.='Login']]]]>
    </line>
    <line>
      <![CDATA[After Clicking:[[ChromeDriver: chrome on windows (e660332f18264f33da75fc228f84a528)] -> xpath: //button[.='Login']]]]>
    </line>
    <line>
      <![CDATA[Before Finding ElementBy.xpath: //button[.='LOGIN AS EMPLOYER']]]>
    </line>
    <line>
      <![CDATA[Before Clicking:[[ChromeDriver: chrome on windows (e660332f18264f33da75fc228f84a528)] -> xpath: //button[.='LOGIN AS EMPLOYER']]]]>
    </line>
    <line>
      <![CDATA[After Clicking:[[ChromeDriver: chrome on windows (e660332f18264f33da75fc228f84a528)] -> xpath: //button[.='LOGIN AS EMPLOYER']]]]>
    </line>
    <line>
      <![CDATA[Before Finding ElementBy.name: email]]>
    </line>
    <line>
      <![CDATA[Before sending any values to input field[[ChromeDriver: chrome on windows (e660332f18264f33da75fc228f84a528)] -> name: email]]]>
    </line>
    <line>
      <![CDATA[Before Finding ElementBy.name: password]]>
    </line>
    <line>
      <![CDATA[Before sending any values to input field[[ChromeDriver: chrome on windows (e660332f18264f33da75fc228f84a528)] -> name: password]]]>
    </line>
    <line>
      <![CDATA[Before Finding ElementBy.xpath: //button[@type='submit']]]>
    </line>
    <line>
      <![CDATA[Before Clicking:[[ChromeDriver: chrome on windows (e660332f18264f33da75fc228f84a528)] -> xpath: //button[@type='submit']]]]>
    </line>
    <line>
      <![CDATA[After Clicking:[[ChromeDriver: chrome on windows (e660332f18264f33da75fc228f84a528)] -> xpath: //button[@type='submit']]]]>
    </line>
    <line>
      <![CDATA[
== BROWSER CLOSED SUCCESSFULLY ==
]]>
    </line>
    <line>
      <![CDATA[
== BROWSER CLOSED SUCCESSFULLY ==
]]>
    </line>
    <line>
      <![CDATA[
== RUNNING ON CHROME BROWSER ==
]]>
    </line>
    <line>
      <![CDATA[After Maximizing Window]]>
    </line>
    <line>
      <![CDATA[Before Deleting All Cookies]]>
    </line>
    <line>
      <![CDATA[Before Any Timeout Call:org.openqa.selenium.remote.RemoteWebDriver$RemoteWebDriverOptions$RemoteTimeouts@14229fa7]]>
    </line>
    <line>
      <![CDATA[Before navigating to:https://pacifichunt.com']]>
    </line>
    <line>
      <![CDATA[After navigating to:https://pacifichunt.com']]>
    </line>
    <line>
      <![CDATA[
== EXECUTING MEDIUM PRIORITY TEST ==]]>
    </line>
    <line>
      <![CDATA[Before Finding ElementBy.xpath: //button[.='Login']]]>
    </line>
    <line>
      <![CDATA[Before Clicking:[[ChromeDriver: chrome on windows (296bd8e906b0f57fcdb24bf394879085)] -> xpath: //button[.='Login']]]]>
    </line>
    <line>
      <![CDATA[After Clicking:[[ChromeDriver: chrome on windows (296bd8e906b0f57fcdb24bf394879085)] -> xpath: //button[.='Login']]]]>
    </line>
    <line>
      <![CDATA[Before Finding ElementBy.xpath: //button[.='LOGIN AS EMPLOYER']]]>
    </line>
    <line>
      <![CDATA[Before Clicking:[[ChromeDriver: chrome on windows (296bd8e906b0f57fcdb24bf394879085)] -> xpath: //button[.='LOGIN AS EMPLOYER']]]]>
    </line>
    <line>
      <![CDATA[After Clicking:[[ChromeDriver: chrome on windows (296bd8e906b0f57fcdb24bf394879085)] -> xpath: //button[.='LOGIN AS EMPLOYER']]]]>
    </line>
    <line>
      <![CDATA[Before Finding ElementBy.name: email]]>
    </line>
    <line>
      <![CDATA[Before sending any values to input field[[ChromeDriver: chrome on windows (296bd8e906b0f57fcdb24bf394879085)] -> name: email]]]>
    </line>
    <line>
      <![CDATA[Before Finding ElementBy.name: password]]>
    </line>
    <line>
      <![CDATA[Before sending any values to input field[[ChromeDriver: chrome on windows (296bd8e906b0f57fcdb24bf394879085)] -> name: password]]]>
    </line>
    <line>
      <![CDATA[Before Finding ElementBy.xpath: //button[@type='submit']]]>
    </line>
    <line>
      <![CDATA[Before Clicking:[[ChromeDriver: chrome on windows (296bd8e906b0f57fcdb24bf394879085)] -> xpath: //button[@type='submit']]]]>
    </line>
    <line>
      <![CDATA[After Clicking:[[ChromeDriver: chrome on windows (296bd8e906b0f57fcdb24bf394879085)] -> xpath: //button[@type='submit']]]]>
    </line>
    <line>
      <![CDATA[
== BROWSER CLOSED SUCCESSFULLY ==
]]>
    </line>
    <line>
      <![CDATA[
== BROWSER CLOSED SUCCESSFULLY ==
]]>
    </line>
    <line>
      <![CDATA[
== RUNNING ON CHROME BROWSER ==
]]>
    </line>
    <line>
      <![CDATA[After Maximizing Window]]>
    </line>
    <line>
      <![CDATA[Before Deleting All Cookies]]>
    </line>
    <line>
      <![CDATA[Before Any Timeout Call:org.openqa.selenium.remote.RemoteWebDriver$RemoteWebDriverOptions$RemoteTimeouts@b606cb6]]>
    </line>
    <line>
      <![CDATA[Before navigating to:https://pacifichunt.com']]>
    </line>
    <line>
      <![CDATA[After navigating to:https://pacifichunt.com']]>
    </line>
    <line>
      <![CDATA[
== EXECUTING MEDIUM PRIORITY TEST ==]]>
    </line>
    <line>
      <![CDATA[Before Finding ElementBy.xpath: //button[.='Login']]]>
    </line>
    <line>
      <![CDATA[Before Clicking:[[ChromeDriver: chrome on windows (2e397fa92813096db3d5831da36ba7dd)] -> xpath: //button[.='Login']]]]>
    </line>
    <line>
      <![CDATA[After Clicking:[[ChromeDriver: chrome on windows (2e397fa92813096db3d5831da36ba7dd)] -> xpath: //button[.='Login']]]]>
    </line>
    <line>
      <![CDATA[Before Finding ElementBy.xpath: //button[.='LOGIN AS EMPLOYER']]]>
    </line>
    <line>
      <![CDATA[Before Clicking:[[ChromeDriver: chrome on windows (2e397fa92813096db3d5831da36ba7dd)] -> xpath: //button[.='LOGIN AS EMPLOYER']]]]>
    </line>
    <line>
      <![CDATA[After Clicking:[[ChromeDriver: chrome on windows (2e397fa92813096db3d5831da36ba7dd)] -> xpath: //button[.='LOGIN AS EMPLOYER']]]]>
    </line>
    <line>
      <![CDATA[Before Finding ElementBy.name: email]]>
    </line>
    <line>
      <![CDATA[Before sending any values to input field[[ChromeDriver: chrome on windows (2e397fa92813096db3d5831da36ba7dd)] -> name: email]]]>
    </line>
    <line>
      <![CDATA[Before Finding ElementBy.name: password]]>
    </line>
    <line>
      <![CDATA[Before sending any values to input field[[ChromeDriver: chrome on windows (2e397fa92813096db3d5831da36ba7dd)] -> name: password]]]>
    </line>
    <line>
      <![CDATA[Before Finding ElementBy.xpath: //button[@type='submit']]]>
    </line>
    <line>
      <![CDATA[Before Clicking:[[ChromeDriver: chrome on windows (2e397fa92813096db3d5831da36ba7dd)] -> xpath: //button[@type='submit']]]]>
    </line>
    <line>
      <![CDATA[After Clicking:[[ChromeDriver: chrome on windows (2e397fa92813096db3d5831da36ba7dd)] -> xpath: //button[@type='submit']]]]>
    </line>
    <line>
      <![CDATA[
== BROWSER CLOSED SUCCESSFULLY ==
]]>
    </line>
    <line>
      <![CDATA[
== BROWSER CLOSED SUCCESSFULLY ==
]]>
    </line>
  </reporter-output>
  <suite started-at="2024-07-23T13:10:23 NPT" name="Default suite" finished-at="2024-07-23T13:10:47 NPT" duration-ms="24426">
    <groups>
    </groups>
    <test started-at="2024-07-23T13:10:23 NPT" name="Default test" finished-at="2024-07-23T13:10:47 NPT" duration-ms="24426">
      <class name="com.pacifichunt.tests.LoginAsEmployerTest">
        <test-method is-config="true" signature="setUp()[pri:0, instance:com.pacifichunt.tests.LoginAsEmployerTest@72e5a8e]" started-at="2024-07-23T13:10:23 NPT" name="setUp" finished-at="2024-07-23T13:10:32 NPT" duration-ms="8959" status="PASS">
          <reporter-output>
            <line>
              <![CDATA[
== RUNNING ON CHROME BROWSER ==
]]>
            </line>
            <line>
              <![CDATA[After Maximizing Window]]>
            </line>
            <line>
              <![CDATA[Before Deleting All Cookies]]>
            </line>
            <line>
              <![CDATA[Before Any Timeout Call:org.openqa.selenium.remote.RemoteWebDriver$RemoteWebDriverOptions$RemoteTimeouts@58d63b16]]>
            </line>
            <line>
              <![CDATA[Before navigating to:https://pacifichunt.com']]>
            </line>
            <line>
              <![CDATA[After navigating to:https://pacifichunt.com']]>
            </line>
          </reporter-output>
        </test-method> <!-- setUp -->
        <test-method signature="verifyEmptyUsernameAndEmptyPassword()[pri:2, instance:com.pacifichunt.tests.LoginAsEmployerTest@72e5a8e]" started-at="2024-07-23T13:10:32 NPT" name="verifyEmptyUsernameAndEmptyPassword" description="
** User Story **
== Verify Empty Email &amp; Password Login Scenario ==
As a User, I should be getting an Error When Empty Credentials are Provided.
" finished-at="2024-07-23T13:10:33 NPT" duration-ms="1174" status="PASS">
          <reporter-output>
            <line>
              <![CDATA[
== EXECUTING MEDIUM PRIORITY TEST ==]]>
            </line>
            <line>
              <![CDATA[Before Finding ElementBy.xpath: //button[.='Login']]]>
            </line>
            <line>
              <![CDATA[Before Clicking:[[ChromeDriver: chrome on windows (7f04705b1ae3ae1aebcb723ffe6b0daf)] -> xpath: //button[.='Login']]]]>
            </line>
            <line>
              <![CDATA[After Clicking:[[ChromeDriver: chrome on windows (7f04705b1ae3ae1aebcb723ffe6b0daf)] -> xpath: //button[.='Login']]]]>
            </line>
            <line>
              <![CDATA[Before Finding ElementBy.xpath: //button[.='LOGIN AS EMPLOYER']]]>
            </line>
            <line>
              <![CDATA[Before Clicking:[[ChromeDriver: chrome on windows (7f04705b1ae3ae1aebcb723ffe6b0daf)] -> xpath: //button[.='LOGIN AS EMPLOYER']]]]>
            </line>
            <line>
              <![CDATA[After Clicking:[[ChromeDriver: chrome on windows (7f04705b1ae3ae1aebcb723ffe6b0daf)] -> xpath: //button[.='LOGIN AS EMPLOYER']]]]>
            </line>
            <line>
              <![CDATA[Before Finding ElementBy.name: email]]>
            </line>
            <line>
              <![CDATA[Before sending any values to input field[[ChromeDriver: chrome on windows (7f04705b1ae3ae1aebcb723ffe6b0daf)] -> name: email]]]>
            </line>
            <line>
              <![CDATA[Before Finding ElementBy.name: password]]>
            </line>
            <line>
              <![CDATA[Before sending any values to input field[[ChromeDriver: chrome on windows (7f04705b1ae3ae1aebcb723ffe6b0daf)] -> name: password]]]>
            </line>
            <line>
              <![CDATA[Before Finding ElementBy.xpath: //button[@type='submit']]]>
            </line>
            <line>
              <![CDATA[Before Clicking:[[ChromeDriver: chrome on windows (7f04705b1ae3ae1aebcb723ffe6b0daf)] -> xpath: //button[@type='submit']]]]>
            </line>
            <line>
              <![CDATA[After Clicking:[[ChromeDriver: chrome on windows (7f04705b1ae3ae1aebcb723ffe6b0daf)] -> xpath: //button[@type='submit']]]]>
            </line>
            <line>
              <![CDATA[Before Finding ElementBy.xpath: //p[.='Email is required']]]>
            </line>
            <line>
              <![CDATA[After getting Text from the element:[[ChromeDriver: chrome on windows (7f04705b1ae3ae1aebcb723ffe6b0daf)] -> xpath: //p[.='Email is required']]]]>
            </line>
            <line>
              <![CDATA[
=== Your Test has been Passed Successfully ===
]]>
            </line>
          </reporter-output>
        </test-method> <!-- verifyEmptyUsernameAndEmptyPassword -->
        <test-method is-config="true" signature="tearDown()[pri:0, instance:com.pacifichunt.tests.LoginAsEmployerTest@72e5a8e]" started-at="2024-07-23T13:10:33 NPT" name="tearDown" finished-at="2024-07-23T13:10:33 NPT" duration-ms="287" status="PASS">
          <reporter-output>
            <line>
              <![CDATA[
== BROWSER CLOSED SUCCESSFULLY ==
]]>
            </line>
            <line>
              <![CDATA[
== BROWSER CLOSED SUCCESSFULLY ==
]]>
            </line>
          </reporter-output>
        </test-method> <!-- tearDown -->
        <test-method is-config="true" signature="setUp()[pri:0, instance:com.pacifichunt.tests.LoginAsEmployerTest@72e5a8e]" started-at="2024-07-23T13:10:33 NPT" name="setUp" finished-at="2024-07-23T13:10:38 NPT" duration-ms="4329" status="PASS">
          <reporter-output>
            <line>
              <![CDATA[
== RUNNING ON CHROME BROWSER ==
]]>
            </line>
            <line>
              <![CDATA[After Maximizing Window]]>
            </line>
            <line>
              <![CDATA[Before Deleting All Cookies]]>
            </line>
            <line>
              <![CDATA[Before Any Timeout Call:org.openqa.selenium.remote.RemoteWebDriver$RemoteWebDriverOptions$RemoteTimeouts@31edeac]]>
            </line>
            <line>
              <![CDATA[Before navigating to:https://pacifichunt.com']]>
            </line>
            <line>
              <![CDATA[After navigating to:https://pacifichunt.com']]>
            </line>
          </reporter-output>
        </test-method> <!-- setUp -->
        <test-method signature="verifyMultipleLoginScenario(java.lang.String,java.lang.String)[pri:2, instance:com.pacifichunt.tests.LoginAsEmployerTest@72e5a8e]" started-at="2024-07-23T13:10:38 NPT" name="verifyMultipleLoginScenario" description="
** User Story **
== Verify Empty Email &amp; Password Login Scenario ==
As a User, I should be getting an Error When Empty Credentials are Provided.
" data-provider="CheckLoginMultipleScenarios" finished-at="2024-07-23T13:10:39 NPT" duration-ms="1056" status="PASS">
          <params>
            <param index="0">
              <value>
                <![CDATA[InvalidEmail@gmail.com]]>
              </value>
            </param>
            <param index="1">
              <value>
                <![CDATA[invalidPassword]]>
              </value>
            </param>
          </params>
          <reporter-output>
            <line>
              <![CDATA[
== EXECUTING MEDIUM PRIORITY TEST ==]]>
            </line>
            <line>
              <![CDATA[Before Finding ElementBy.xpath: //button[.='Login']]]>
            </line>
            <line>
              <![CDATA[Before Clicking:[[ChromeDriver: chrome on windows (e660332f18264f33da75fc228f84a528)] -> xpath: //button[.='Login']]]]>
            </line>
            <line>
              <![CDATA[After Clicking:[[ChromeDriver: chrome on windows (e660332f18264f33da75fc228f84a528)] -> xpath: //button[.='Login']]]]>
            </line>
            <line>
              <![CDATA[Before Finding ElementBy.xpath: //button[.='LOGIN AS EMPLOYER']]]>
            </line>
            <line>
              <![CDATA[Before Clicking:[[ChromeDriver: chrome on windows (e660332f18264f33da75fc228f84a528)] -> xpath: //button[.='LOGIN AS EMPLOYER']]]]>
            </line>
            <line>
              <![CDATA[After Clicking:[[ChromeDriver: chrome on windows (e660332f18264f33da75fc228f84a528)] -> xpath: //button[.='LOGIN AS EMPLOYER']]]]>
            </line>
            <line>
              <![CDATA[Before Finding ElementBy.name: email]]>
            </line>
            <line>
              <![CDATA[Before sending any values to input field[[ChromeDriver: chrome on windows (e660332f18264f33da75fc228f84a528)] -> name: email]]]>
            </line>
            <line>
              <![CDATA[Before Finding ElementBy.name: password]]>
            </line>
            <line>
              <![CDATA[Before sending any values to input field[[ChromeDriver: chrome on windows (e660332f18264f33da75fc228f84a528)] -> name: password]]]>
            </line>
            <line>
              <![CDATA[Before Finding ElementBy.xpath: //button[@type='submit']]]>
            </line>
            <line>
              <![CDATA[Before Clicking:[[ChromeDriver: chrome on windows (e660332f18264f33da75fc228f84a528)] -> xpath: //button[@type='submit']]]]>
            </line>
            <line>
              <![CDATA[After Clicking:[[ChromeDriver: chrome on windows (e660332f18264f33da75fc228f84a528)] -> xpath: //button[@type='submit']]]]>
            </line>
          </reporter-output>
        </test-method> <!-- verifyMultipleLoginScenario -->
        <test-method is-config="true" signature="tearDown()[pri:0, instance:com.pacifichunt.tests.LoginAsEmployerTest@72e5a8e]" started-at="2024-07-23T13:10:39 NPT" name="tearDown" finished-at="2024-07-23T13:10:39 NPT" duration-ms="205" status="PASS">
          <reporter-output>
            <line>
              <![CDATA[
== BROWSER CLOSED SUCCESSFULLY ==
]]>
            </line>
            <line>
              <![CDATA[
== BROWSER CLOSED SUCCESSFULLY ==
]]>
            </line>
          </reporter-output>
        </test-method> <!-- tearDown -->
        <test-method is-config="true" signature="setUp()[pri:0, instance:com.pacifichunt.tests.LoginAsEmployerTest@72e5a8e]" started-at="2024-07-23T13:10:39 NPT" name="setUp" finished-at="2024-07-23T13:10:42 NPT" duration-ms="2879" status="PASS">
          <reporter-output>
            <line>
              <![CDATA[
== RUNNING ON CHROME BROWSER ==
]]>
            </line>
            <line>
              <![CDATA[After Maximizing Window]]>
            </line>
            <line>
              <![CDATA[Before Deleting All Cookies]]>
            </line>
            <line>
              <![CDATA[Before Any Timeout Call:org.openqa.selenium.remote.RemoteWebDriver$RemoteWebDriverOptions$RemoteTimeouts@14229fa7]]>
            </line>
            <line>
              <![CDATA[Before navigating to:https://pacifichunt.com']]>
            </line>
            <line>
              <![CDATA[After navigating to:https://pacifichunt.com']]>
            </line>
          </reporter-output>
        </test-method> <!-- setUp -->
        <test-method signature="verifyMultipleLoginScenario(java.lang.String,java.lang.String)[pri:2, instance:com.pacifichunt.tests.LoginAsEmployerTest@72e5a8e]" started-at="2024-07-23T13:10:42 NPT" name="verifyMultipleLoginScenario" description="
** User Story **
== Verify Empty Email &amp; Password Login Scenario ==
As a User, I should be getting an Error When Empty Credentials are Provided.
" data-provider="CheckLoginMultipleScenarios" finished-at="2024-07-23T13:10:43 NPT" duration-ms="1212" status="PASS">
          <params>
            <param index="0">
              <value>
                <![CDATA[nocifew594@ikangou.com]]>
              </value>
            </param>
            <param index="1">
              <value>
                <![CDATA[Test@123]]>
              </value>
            </param>
          </params>
          <reporter-output>
            <line>
              <![CDATA[
== EXECUTING MEDIUM PRIORITY TEST ==]]>
            </line>
            <line>
              <![CDATA[Before Finding ElementBy.xpath: //button[.='Login']]]>
            </line>
            <line>
              <![CDATA[Before Clicking:[[ChromeDriver: chrome on windows (296bd8e906b0f57fcdb24bf394879085)] -> xpath: //button[.='Login']]]]>
            </line>
            <line>
              <![CDATA[After Clicking:[[ChromeDriver: chrome on windows (296bd8e906b0f57fcdb24bf394879085)] -> xpath: //button[.='Login']]]]>
            </line>
            <line>
              <![CDATA[Before Finding ElementBy.xpath: //button[.='LOGIN AS EMPLOYER']]]>
            </line>
            <line>
              <![CDATA[Before Clicking:[[ChromeDriver: chrome on windows (296bd8e906b0f57fcdb24bf394879085)] -> xpath: //button[.='LOGIN AS EMPLOYER']]]]>
            </line>
            <line>
              <![CDATA[After Clicking:[[ChromeDriver: chrome on windows (296bd8e906b0f57fcdb24bf394879085)] -> xpath: //button[.='LOGIN AS EMPLOYER']]]]>
            </line>
            <line>
              <![CDATA[Before Finding ElementBy.name: email]]>
            </line>
            <line>
              <![CDATA[Before sending any values to input field[[ChromeDriver: chrome on windows (296bd8e906b0f57fcdb24bf394879085)] -> name: email]]]>
            </line>
            <line>
              <![CDATA[Before Finding ElementBy.name: password]]>
            </line>
            <line>
              <![CDATA[Before sending any values to input field[[ChromeDriver: chrome on windows (296bd8e906b0f57fcdb24bf394879085)] -> name: password]]]>
            </line>
            <line>
              <![CDATA[Before Finding ElementBy.xpath: //button[@type='submit']]]>
            </line>
            <line>
              <![CDATA[Before Clicking:[[ChromeDriver: chrome on windows (296bd8e906b0f57fcdb24bf394879085)] -> xpath: //button[@type='submit']]]]>
            </line>
            <line>
              <![CDATA[After Clicking:[[ChromeDriver: chrome on windows (296bd8e906b0f57fcdb24bf394879085)] -> xpath: //button[@type='submit']]]]>
            </line>
          </reporter-output>
        </test-method> <!-- verifyMultipleLoginScenario -->
        <test-method is-config="true" signature="tearDown()[pri:0, instance:com.pacifichunt.tests.LoginAsEmployerTest@72e5a8e]" started-at="2024-07-23T13:10:43 NPT" name="tearDown" finished-at="2024-07-23T13:10:43 NPT" duration-ms="202" status="PASS">
          <reporter-output>
            <line>
              <![CDATA[
== BROWSER CLOSED SUCCESSFULLY ==
]]>
            </line>
            <line>
              <![CDATA[
== BROWSER CLOSED SUCCESSFULLY ==
]]>
            </line>
          </reporter-output>
        </test-method> <!-- tearDown -->
        <test-method is-config="true" signature="setUp()[pri:0, instance:com.pacifichunt.tests.LoginAsEmployerTest@72e5a8e]" started-at="2024-07-23T13:10:43 NPT" name="setUp" finished-at="2024-07-23T13:10:46 NPT" duration-ms="2775" status="PASS">
          <reporter-output>
            <line>
              <![CDATA[
== RUNNING ON CHROME BROWSER ==
]]>
            </line>
            <line>
              <![CDATA[After Maximizing Window]]>
            </line>
            <line>
              <![CDATA[Before Deleting All Cookies]]>
            </line>
            <line>
              <![CDATA[Before Any Timeout Call:org.openqa.selenium.remote.RemoteWebDriver$RemoteWebDriverOptions$RemoteTimeouts@b606cb6]]>
            </line>
            <line>
              <![CDATA[Before navigating to:https://pacifichunt.com']]>
            </line>
            <line>
              <![CDATA[After navigating to:https://pacifichunt.com']]>
            </line>
          </reporter-output>
        </test-method> <!-- setUp -->
        <test-method signature="verifyMultipleLoginScenario(java.lang.String,java.lang.String)[pri:2, instance:com.pacifichunt.tests.LoginAsEmployerTest@72e5a8e]" started-at="2024-07-23T13:10:46 NPT" name="verifyMultipleLoginScenario" description="
** User Story **
== Verify Empty Email &amp; Password Login Scenario ==
As a User, I should be getting an Error When Empty Credentials are Provided.
" data-provider="CheckLoginMultipleScenarios" finished-at="2024-07-23T13:10:47 NPT" duration-ms="965" status="PASS">
          <params>
            <param index="0">
              <value>
                <![CDATA[nocifew594@ikangou.com]]>
              </value>
            </param>
            <param index="1">
              <value>
                <![CDATA[test123]]>
              </value>
            </param>
          </params>
          <reporter-output>
            <line>
              <![CDATA[
== EXECUTING MEDIUM PRIORITY TEST ==]]>
            </line>
            <line>
              <![CDATA[Before Finding ElementBy.xpath: //button[.='Login']]]>
            </line>
            <line>
              <![CDATA[Before Clicking:[[ChromeDriver: chrome on windows (2e397fa92813096db3d5831da36ba7dd)] -> xpath: //button[.='Login']]]]>
            </line>
            <line>
              <![CDATA[After Clicking:[[ChromeDriver: chrome on windows (2e397fa92813096db3d5831da36ba7dd)] -> xpath: //button[.='Login']]]]>
            </line>
            <line>
              <![CDATA[Before Finding ElementBy.xpath: //button[.='LOGIN AS EMPLOYER']]]>
            </line>
            <line>
              <![CDATA[Before Clicking:[[ChromeDriver: chrome on windows (2e397fa92813096db3d5831da36ba7dd)] -> xpath: //button[.='LOGIN AS EMPLOYER']]]]>
            </line>
            <line>
              <![CDATA[After Clicking:[[ChromeDriver: chrome on windows (2e397fa92813096db3d5831da36ba7dd)] -> xpath: //button[.='LOGIN AS EMPLOYER']]]]>
            </line>
            <line>
              <![CDATA[Before Finding ElementBy.name: email]]>
            </line>
            <line>
              <![CDATA[Before sending any values to input field[[ChromeDriver: chrome on windows (2e397fa92813096db3d5831da36ba7dd)] -> name: email]]]>
            </line>
            <line>
              <![CDATA[Before Finding ElementBy.name: password]]>
            </line>
            <line>
              <![CDATA[Before sending any values to input field[[ChromeDriver: chrome on windows (2e397fa92813096db3d5831da36ba7dd)] -> name: password]]]>
            </line>
            <line>
              <![CDATA[Before Finding ElementBy.xpath: //button[@type='submit']]]>
            </line>
            <line>
              <![CDATA[Before Clicking:[[ChromeDriver: chrome on windows (2e397fa92813096db3d5831da36ba7dd)] -> xpath: //button[@type='submit']]]]>
            </line>
            <line>
              <![CDATA[After Clicking:[[ChromeDriver: chrome on windows (2e397fa92813096db3d5831da36ba7dd)] -> xpath: //button[@type='submit']]]]>
            </line>
          </reporter-output>
        </test-method> <!-- verifyMultipleLoginScenario -->
        <test-method is-config="true" signature="tearDown()[pri:0, instance:com.pacifichunt.tests.LoginAsEmployerTest@72e5a8e]" started-at="2024-07-23T13:10:47 NPT" name="tearDown" finished-at="2024-07-23T13:10:47 NPT" duration-ms="296" status="PASS">
          <reporter-output>
            <line>
              <![CDATA[
== BROWSER CLOSED SUCCESSFULLY ==
]]>
            </line>
            <line>
              <![CDATA[
== BROWSER CLOSED SUCCESSFULLY ==
]]>
            </line>
          </reporter-output>
        </test-method> <!-- tearDown -->
      </class> <!-- com.pacifichunt.tests.LoginAsEmployerTest -->
    </test> <!-- Default test -->
  </suite> <!-- Default suite -->
</testng-results>
